<?xml version="1.0" encoding="UTF-8"?>
<!-- Generated by org.testng.reporters.JUnitXMLReporter -->
<testsuite hostname="LAPTOP-L45CF4AI" name="Default test" tests="4" failures="0" timestamp="28 Nov 2018 09:20:23 GMT" time="6.346" errors="0">
  <testcase name="@BeforeTest BrowserInitialisation" time="0.0" classname="com.zmarta.testcases.LoanPagetest">
    <failure type="org.testng.TestNGException" message="
Parameter &amp;apos;browser&amp;apos; is required by @Configuration on method BrowserInitialisation but has not been marked @Optional or defined
in C:\Users\Jino\AppData\Local\Temp\testng-eclipse--1724122390\testng-customsuite.xml">
      <![CDATA[org.testng.TestNGException: 
Parameter 'browser' is required by @Configuration on method BrowserInitialisation but has not been marked @Optional or defined
in C:\Users\Jino\AppData\Local\Temp\testng-eclipse--1724122390\testng-customsuite.xml
	at org.testng.internal.Parameters.createParameters(Parameters.java:155)
	at org.testng.internal.Parameters.createParameters(Parameters.java:355)
	at org.testng.internal.Parameters.createConfigurationParameters(Parameters.java:86)
	at org.testng.internal.Invoker.invokeConfigurations(Invoker.java:199)
	at org.testng.internal.Invoker.invokeConfigurations(Invoker.java:138)
	at org.testng.TestRunner.beforeRun(TestRunner.java:641)
	at org.testng.TestRunner.run(TestRunner.java:609)
	at org.testng.SuiteRunner.runTest(SuiteRunner.java:334)
	at org.testng.SuiteRunner.runSequentially(SuiteRunner.java:329)
	at org.testng.SuiteRunner.privateRun(SuiteRunner.java:291)
	at org.testng.SuiteRunner.run(SuiteRunner.java:240)
	at org.testng.SuiteRunnerWorker.runSuite(SuiteRunnerWorker.java:52)
	at org.testng.SuiteRunnerWorker.run(SuiteRunnerWorker.java:86)
	at org.testng.TestNG.runSuitesSequentially(TestNG.java:1198)
	at org.testng.TestNG.runSuitesLocally(TestNG.java:1123)
	at org.testng.TestNG.run(TestNG.java:1031)
	at org.testng.remote.AbstractRemoteTestNG.run(AbstractRemoteTestNG.java:114)
	at org.testng.remote.RemoteTestNG.initAndRun(RemoteTestNG.java:251)
	at org.testng.remote.RemoteTestNG.main(RemoteTestNG.java:77)
]]>
    </failure>
  </testcase> <!-- @BeforeTest BrowserInitialisation -->
  <testcase name="@BeforeTest report" time="0.0" classname="com.zmarta.testcases.LoanPagetest">
    <skipped/>
  </testcase> <!-- @BeforeTest report -->
  <testcase name="@BeforeMethod methodname" time="0.0" classname="com.zmarta.testcases.LoanPagetest">
    <skipped/>
  </testcase> <!-- @BeforeMethod methodname -->
  <testcase name="@BeforeMethod setup" time="0.0" classname="com.zmarta.testcases.LoanPagetest">
    <skipped/>
  </testcase> <!-- @BeforeMethod setup -->
  <testcase name="@AfterMethod tearDown" time="0.0" classname="com.zmarta.testcases.LoanPagetest">
    <skipped/>
  </testcase> <!-- @AfterMethod tearDown -->
  <testcase name="@BeforeMethod methodname" time="0.0" classname="com.zmarta.testcases.LoanPagetest">
    <skipped/>
  </testcase> <!-- @BeforeMethod methodname -->
  <testcase name="@BeforeMethod setup" time="0.0" classname="com.zmarta.testcases.LoanPagetest">
    <skipped/>
  </testcase> <!-- @BeforeMethod setup -->
  <testcase name="@AfterMethod tearDown" time="0.0" classname="com.zmarta.testcases.LoanPagetest">
    <skipped/>
  </testcase> <!-- @AfterMethod tearDown -->
  <testcase name="@BeforeMethod methodname" time="0.0" classname="com.zmarta.testcases.LoanPagetest">
    <skipped/>
  </testcase> <!-- @BeforeMethod methodname -->
  <testcase name="@BeforeMethod setup" time="0.0" classname="com.zmarta.testcases.LoanPagetest">
    <skipped/>
  </testcase> <!-- @BeforeMethod setup -->
  <testcase name="@AfterMethod tearDown" time="0.0" classname="com.zmarta.testcases.LoanPagetest">
    <skipped/>
  </testcase> <!-- @AfterMethod tearDown -->
  <testcase name="@BeforeMethod methodname" time="0.0" classname="com.zmarta.testcases.LoanPagetest">
    <skipped/>
  </testcase> <!-- @BeforeMethod methodname -->
  <testcase name="@BeforeMethod setup" time="0.0" classname="com.zmarta.testcases.LoanPagetest">
    <skipped/>
  </testcase> <!-- @BeforeMethod setup -->
  <testcase name="@AfterMethod tearDown" time="0.0" classname="com.zmarta.testcases.LoanPagetest">
    <skipped/>
  </testcase> <!-- @AfterMethod tearDown -->
  <testcase name="@AfterTest afterTest" time="0.0" classname="com.zmarta.testcases.LoanPagetest">
    <skipped/>
  </testcase> <!-- @AfterTest afterTest -->
  <testcase name="@AfterTest end" time="0.0" classname="com.zmarta.testcases.LoanPagetest">
    <skipped/>
  </testcase> <!-- @AfterTest end -->
  <testcase name="VerifyLogin" time="0.011" classname="com.zmarta.testcases.LoanPagetest">
    <skipped/>
  </testcase> <!-- VerifyLogin -->
  <testcase name="VerifyLogin" time="0.001" classname="com.zmarta.testcases.LoanPagetest">
    <skipped/>
  </testcase> <!-- VerifyLogin -->
  <testcase name="VerifyLogo" time="0.0" classname="com.zmarta.testcases.LoanPagetest">
    <skipped/>
  </testcase> <!-- VerifyLogo -->
  <testcase name="VerifyCheckbox" time="0.001" classname="com.zmarta.testcases.LoanPagetest">
    <skipped/>
  </testcase> <!-- VerifyCheckbox -->
</testsuite> <!-- Default test -->
