<?xml version="1.0" encoding="UTF-8"?>
<!-- Generated by org.testng.reporters.JUnitXMLReporter -->
<testsuite hostname="LAPTOP-L45CF4AI" name="Test" tests="1" failures="1" timestamp="7 Feb 2019 11:39:39 GMT" time="3.497" errors="0">
  <testcase name="@BeforeTest BrowserInitialisation" time="0.0" classname="com.valency.testcases.userstest">
    <failure type="org.testng.TestNGException" message="
Parameter &amp;apos;browser&amp;apos; is required by @Configuration on method BrowserInitialisation but has not been marked @Optional or defined
in E:\Jino_testing\Automation_project\Valency_marketing\testng.xml">
      <![CDATA[org.testng.TestNGException: 
Parameter 'browser' is required by @Configuration on method BrowserInitialisation but has not been marked @Optional or defined
in E:\Jino_testing\Automation_project\Valency_marketing\testng.xml
... Removed 19 stack frames]]>
    </failure>
  </testcase> <!-- @BeforeTest BrowserInitialisation -->
  <testcase name="@BeforeTest report" time="0.0" classname="com.valency.testcases.userstest">
    <skipped/>
  </testcase> <!-- @BeforeTest report -->
  <testcase name="@AfterTest end" time="0.0" classname="com.valency.testcases.userstest">
    <skipped/>
  </testcase> <!-- @AfterTest end -->
  <testcase name="VerifyUserDetails" time="3.363" classname="com.valency.testcases.userstest">
    <failure type="org.testng.TestNGException" message="
The data provider is trying to pass 2 parameters but the method com.valency.testcases.userstest#VerifyUserDetails takes 1">
      <![CDATA[org.testng.TestNGException: 
The data provider is trying to pass 2 parameters but the method com.valency.testcases.userstest#VerifyUserDetails takes 1
... Removed 18 stack frames]]>
    </failure>
  </testcase> <!-- VerifyUserDetails -->
</testsuite> <!-- Test -->
