<?xml version="1.0" encoding="UTF-8"?>
<!-- Generated by org.testng.reporters.JUnitReportReporter -->
<testsuite hostname="LAPTOP-L45CF4AI" name="com.seleniumhybrid.utils.ExcelUtil" tests="1" failures="0" timestamp="28 Aug 2018 10:26:05 GMT" time="0.000" errors="1">
  <testcase name="fillUserForm" time="0.000" classname="com.seleniumhybrid.utils.ExcelUtil">
    <error type="java.lang.RuntimeException" message="java.lang.Error: Unresolved compilation problems: 
	The method getRowCount(String) is undefined for the type FileInputStream
	The method getColumnCount(String) is undefined for the type FileInputStream
	The method getCellData(String, int, int) is undefined for the type FileInputStream
">
      <![CDATA[java.lang.RuntimeException: java.lang.Error: Unresolved compilation problems: 
	The method getRowCount(String) is undefined for the type FileInputStream
	The method getColumnCount(String) is undefined for the type FileInputStream
	The method getCellData(String, int, int) is undefined for the type FileInputStream

	at org.testng.internal.MethodInvocationHelper.invokeDataProvider(MethodInvocationHelper.java:162)
	at org.testng.internal.Parameters.handleParameters(Parameters.java:430)
	at org.testng.internal.Invoker.handleParameters(Invoker.java:1270)
	at org.testng.internal.Invoker.createParameters(Invoker.java:985)
	at org.testng.internal.Invoker.invokeTestMethods(Invoker.java:1075)
	at org.testng.internal.TestMethodWorker.invokeTestMethods(TestMethodWorker.java:125)
	at org.testng.internal.TestMethodWorker.run(TestMethodWorker.java:108)
	at org.testng.TestRunner.privateRun(TestRunner.java:774)
	at org.testng.TestRunner.run(TestRunner.java:624)
	at org.testng.SuiteRunner.runTest(SuiteRunner.java:359)
	at org.testng.SuiteRunner.runSequentially(SuiteRunner.java:354)
	at org.testng.SuiteRunner.privateRun(SuiteRunner.java:312)
	at org.testng.SuiteRunner.run(SuiteRunner.java:261)
	at org.testng.SuiteRunnerWorker.runSuite(SuiteRunnerWorker.java:52)
	at org.testng.SuiteRunnerWorker.run(SuiteRunnerWorker.java:86)
	at org.testng.TestNG.runSuitesSequentially(TestNG.java:1215)
	at org.testng.TestNG.runSuitesLocally(TestNG.java:1140)
	at org.testng.TestNG.run(TestNG.java:1048)
	at org.testng.remote.AbstractRemoteTestNG.run(AbstractRemoteTestNG.java:114)
	at org.testng.remote.RemoteTestNG.initAndRun(RemoteTestNG.java:251)
	at org.testng.remote.RemoteTestNG.main(RemoteTestNG.java:77)
Caused by: java.lang.Error: Unresolved compilation problems: 
	The method getRowCount(String) is undefined for the type FileInputStream
	The method getColumnCount(String) is undefined for the type FileInputStream
	The method getCellData(String, int, int) is undefined for the type FileInputStream

	at com.seleniumhybrid.utils.ExcelUtil.testData(ExcelUtil.java:45)
	at com.seleniumhybrid.utils.ExcelUtil.userFormData(ExcelUtil.java:37)
	at sun.reflect.NativeMethodAccessorImpl.invoke0(Native Method)
	at sun.reflect.NativeMethodAccessorImpl.invoke(Unknown Source)
	at sun.reflect.DelegatingMethodAccessorImpl.invoke(Unknown Source)
	at java.lang.reflect.Method.invoke(Unknown Source)
	at org.testng.internal.MethodInvocationHelper.invokeMethod(MethodInvocationHelper.java:85)
	at org.testng.internal.MethodInvocationHelper.invokeDataProvider(MethodInvocationHelper.java:136)
	... 20 more
]]>
    </error>
  </testcase> <!-- fillUserForm -->
</testsuite> <!-- com.seleniumhybrid.utils.ExcelUtil -->
